<?xml version="1.0" encoding="UTF-8"?>
<testsuite xmlns:xsi="http://www.w3.org/2001/XMLSchema-instance" xsi:noNamespaceSchemaLocation="https://maven.apache.org/surefire/maven-surefire-plugin/xsd/surefire-test-report-3.0.xsd" version="3.0" name="cucumber.Options.testRunner" time="16.629" tests="2" errors="0" skipped="0" failures="0">
  <properties>
    <property name="java.specification.version" value="17"/>
    <property name="sun.cpu.isalist" value="amd64"/>
    <property name="sun.jnu.encoding" value="Cp1252"/>
    <property name="java.class.path" value="D:\Users\eclipse-java-2021-12-R-win32-x86_64\eclipse\Workspace\APIFramework\target\test-classes;D:\Users\eclipse-java-2021-12-R-win32-x86_64\eclipse\Workspace\APIFramework\target\classes;D:\Users\edwin.manojr\.m2\repository\junit\junit\4.11\junit-4.11.jar;D:\Users\edwin.manojr\.m2\repository\org\hamcrest\hamcrest-core\1.3\hamcrest-core-1.3.jar;D:\Users\edwin.manojr\.m2\repository\io\cucumber\cucumber-java\7.2.2\cucumber-java-7.2.2.jar;D:\Users\edwin.manojr\.m2\repository\io\cucumber\cucumber-core\7.2.2\cucumber-core-7.2.2.jar;D:\Users\edwin.manojr\.m2\repository\io\cucumber\cucumber-gherkin\7.2.2\cucumber-gherkin-7.2.2.jar;D:\Users\edwin.manojr\.m2\repository\io\cucumber\cucumber-gherkin-messages\7.2.2\cucumber-gherkin-messages-7.2.2.jar;D:\Users\edwin.manojr\.m2\repository\io\cucumber\messages\17.1.1\messages-17.1.1.jar;D:\Users\edwin.manojr\.m2\repository\io\cucumber\tag-expressions\4.1.0\tag-expressions-4.1.0.jar;D:\Users\edwin.manojr\.m2\repository\io\cucumber\cucumber-expressions\15.0.1\cucumber-expressions-15.0.1.jar;D:\Users\edwin.manojr\.m2\repository\io\cucumber\datatable\7.2.2\datatable-7.2.2.jar;D:\Users\edwin.manojr\.m2\repository\io\cucumber\cucumber-plugin\7.2.2\cucumber-plugin-7.2.2.jar;D:\Users\edwin.manojr\.m2\repository\io\cucumber\docstring\7.2.2\docstring-7.2.2.jar;D:\Users\edwin.manojr\.m2\repository\io\cucumber\html-formatter\17.0.0\html-formatter-17.0.0.jar;D:\Users\edwin.manojr\.m2\repository\io\cucumber\ci-environment\8.1.0\ci-environment-8.1.0.jar;D:\Users\edwin.manojr\.m2\repository\org\apiguardian\apiguardian-api\1.1.2\apiguardian-api-1.1.2.jar;D:\Users\edwin.manojr\.m2\repository\io\cucumber\cucumber-junit\7.2.2\cucumber-junit-7.2.2.jar;D:\Users\edwin.manojr\.m2\repository\io\rest-assured\rest-assured\4.4.0\rest-assured-4.4.0.jar;D:\Users\edwin.manojr\.m2\repository\org\codehaus\groovy\groovy\3.0.8\groovy-3.0.8.jar;D:\Users\edwin.manojr\.m2\repository\org\codehaus\groovy\groovy-xml\3.0.8\groovy-xml-3.0.8.jar;D:\Users\edwin.manojr\.m2\repository\org\apache\httpcomponents\httpclient\4.5.13\httpclient-4.5.13.jar;D:\Users\edwin.manojr\.m2\repository\org\apache\httpcomponents\httpcore\4.4.13\httpcore-4.4.13.jar;D:\Users\edwin.manojr\.m2\repository\commons-logging\commons-logging\1.2\commons-logging-1.2.jar;D:\Users\edwin.manojr\.m2\repository\commons-codec\commons-codec\1.11\commons-codec-1.11.jar;D:\Users\edwin.manojr\.m2\repository\org\apache\httpcomponents\httpmime\4.5.13\httpmime-4.5.13.jar;D:\Users\edwin.manojr\.m2\repository\org\hamcrest\hamcrest\2.1\hamcrest-2.1.jar;D:\Users\edwin.manojr\.m2\repository\org\ccil\cowan\tagsoup\tagsoup\1.2.1\tagsoup-1.2.1.jar;D:\Users\edwin.manojr\.m2\repository\io\rest-assured\json-path\4.4.0\json-path-4.4.0.jar;D:\Users\edwin.manojr\.m2\repository\org\codehaus\groovy\groovy-json\3.0.8\groovy-json-3.0.8.jar;D:\Users\edwin.manojr\.m2\repository\io\rest-assured\rest-assured-common\4.4.0\rest-assured-common-4.4.0.jar;D:\Users\edwin.manojr\.m2\repository\io\rest-assured\xml-path\4.4.0\xml-path-4.4.0.jar;D:\Users\edwin.manojr\.m2\repository\org\apache\commons\commons-lang3\3.11\commons-lang3-3.11.jar;D:\Users\edwin.manojr\.m2\repository\jakarta\xml\bind\jakarta.xml.bind-api\2.3.3\jakarta.xml.bind-api-2.3.3.jar;D:\Users\edwin.manojr\.m2\repository\jakarta\activation\jakarta.activation-api\1.2.2\jakarta.activation-api-1.2.2.jar;D:\Users\edwin.manojr\.m2\repository\com\sun\xml\bind\jaxb-impl\2.3.3\jaxb-impl-2.3.3.jar;D:\Users\edwin.manojr\.m2\repository\com\fasterxml\jackson\core\jackson-databind\2.13.0\jackson-databind-2.13.0.jar;D:\Users\edwin.manojr\.m2\repository\com\fasterxml\jackson\core\jackson-annotations\2.13.0\jackson-annotations-2.13.0.jar;D:\Users\edwin.manojr\.m2\repository\com\fasterxml\jackson\core\jackson-core\2.13.0\jackson-core-2.13.0.jar;D:\Users\edwin.manojr\.m2\repository\com\google\code\gson\gson\2.8.9\gson-2.8.9.jar;D:\Users\edwin.manojr\.m2\repository\net\masterthought\maven-cucumber-reporting\5.4.0\maven-cucumber-reporting-5.4.0.jar;D:\Users\edwin.manojr\.m2\repository\org\apache\maven\maven-plugin-api\3.6.3\maven-plugin-api-3.6.3.jar;D:\Users\edwin.manojr\.m2\repository\org\apache\maven\maven-model\3.6.3\maven-model-3.6.3.jar;D:\Users\edwin.manojr\.m2\repository\org\apache\maven\maven-artifact\3.6.3\maven-artifact-3.6.3.jar;D:\Users\edwin.manojr\.m2\repository\org\eclipse\sisu\org.eclipse.sisu.plexus\0.3.4\org.eclipse.sisu.plexus-0.3.4.jar;D:\Users\edwin.manojr\.m2\repository\javax\enterprise\cdi-api\1.0\cdi-api-1.0.jar;D:\Users\edwin.manojr\.m2\repository\javax\annotation\jsr250-api\1.0\jsr250-api-1.0.jar;D:\Users\edwin.manojr\.m2\repository\javax\inject\javax.inject\1\javax.inject-1.jar;D:\Users\edwin.manojr\.m2\repository\org\eclipse\sisu\org.eclipse.sisu.inject\0.3.4\org.eclipse.sisu.inject-0.3.4.jar;D:\Users\edwin.manojr\.m2\repository\org\codehaus\plexus\plexus-component-annotations\1.5.5\plexus-component-annotations-1.5.5.jar;D:\Users\edwin.manojr\.m2\repository\org\codehaus\plexus\plexus-utils\3.2.1\plexus-utils-3.2.1.jar;D:\Users\edwin.manojr\.m2\repository\org\codehaus\plexus\plexus-classworlds\2.6.0\plexus-classworlds-2.6.0.jar;D:\Users\edwin.manojr\.m2\repository\org\apache\maven\plugins\maven-gpg-plugin\1.6\maven-gpg-plugin-1.6.jar;D:\Users\edwin.manojr\.m2\repository\org\apache\maven\maven-project\2.2.1\maven-project-2.2.1.jar;D:\Users\edwin.manojr\.m2\repository\org\apache\maven\maven-settings\2.2.1\maven-settings-2.2.1.jar;D:\Users\edwin.manojr\.m2\repository\org\apache\maven\maven-profile\2.2.1\maven-profile-2.2.1.jar;D:\Users\edwin.manojr\.m2\repository\org\apache\maven\maven-artifact-manager\2.2.1\maven-artifact-manager-2.2.1.jar;D:\Users\edwin.manojr\.m2\repository\org\apache\maven\wagon\wagon-provider-api\1.0-beta-6\wagon-provider-api-1.0-beta-6.jar;D:\Users\edwin.manojr\.m2\repository\backport-util-concurrent\backport-util-concurrent\3.1\backport-util-concurrent-3.1.jar;D:\Users\edwin.manojr\.m2\repository\org\apache\maven\maven-plugin-registry\2.2.1\maven-plugin-registry-2.2.1.jar;D:\Users\edwin.manojr\.m2\repository\org\codehaus\plexus\plexus-interpolation\1.11\plexus-interpolation-1.11.jar;D:\Users\edwin.manojr\.m2\repository\org\codehaus\plexus\plexus-container-default\1.0-alpha-9-stable-1\plexus-container-default-1.0-alpha-9-stable-1.jar;D:\Users\edwin.manojr\.m2\repository\classworlds\classworlds\1.1-alpha-2\classworlds-1.1-alpha-2.jar;D:\Users\edwin.manojr\.m2\repository\org\apache\maven\maven-repository-metadata\2.2.1\maven-repository-metadata-2.2.1.jar;D:\Users\edwin.manojr\.m2\repository\org\sonatype\plexus\plexus-sec-dispatcher\1.4\plexus-sec-dispatcher-1.4.jar;D:\Users\edwin.manojr\.m2\repository\org\sonatype\plexus\plexus-cipher\1.4\plexus-cipher-1.4.jar;D:\Users\edwin.manojr\.m2\repository\net\masterthought\cucumber-reporting\5.4.0\cucumber-reporting-5.4.0.jar;D:\Users\edwin.manojr\.m2\repository\com\fasterxml\jackson\datatype\jackson-datatype-jsr310\2.10.1\jackson-datatype-jsr310-2.10.1.jar;D:\Users\edwin.manojr\.m2\repository\org\apache\velocity\velocity-engine-core\2.1\velocity-engine-core-2.1.jar;D:\Users\edwin.manojr\.m2\repository\org\slf4j\slf4j-api\1.7.26\slf4j-api-1.7.26.jar;D:\Users\edwin.manojr\.m2\repository\commons-collections\commons-collections\3.2.2\commons-collections-3.2.2.jar;D:\Users\edwin.manojr\.m2\repository\joda-time\joda-time\2.10.5\joda-time-2.10.5.jar;D:\Users\edwin.manojr\.m2\repository\commons-io\commons-io\2.6\commons-io-2.6.jar;D:\Users\edwin.manojr\.m2\repository\org\jsoup\jsoup\1.12.1\jsoup-1.12.1.jar;D:\Users\edwin.manojr\.m2\repository\com\googlecode\owasp-java-html-sanitizer\owasp-java-html-sanitizer\20191001.1\owasp-java-html-sanitizer-20191001.1.jar;D:\Users\edwin.manojr\.m2\repository\com\google\guava\guava\27.1-jre\guava-27.1-jre.jar;D:\Users\edwin.manojr\.m2\repository\com\google\guava\failureaccess\1.0.1\failureaccess-1.0.1.jar;D:\Users\edwin.manojr\.m2\repository\com\google\guava\listenablefuture\9999.0-empty-to-avoid-conflict-with-guava\listenablefuture-9999.0-empty-to-avoid-conflict-with-guava.jar;D:\Users\edwin.manojr\.m2\repository\com\google\code\findbugs\jsr305\3.0.2\jsr305-3.0.2.jar;D:\Users\edwin.manojr\.m2\repository\org\checkerframework\checker-qual\2.5.2\checker-qual-2.5.2.jar;D:\Users\edwin.manojr\.m2\repository\com\google\errorprone\error_prone_annotations\2.2.0\error_prone_annotations-2.2.0.jar;D:\Users\edwin.manojr\.m2\repository\com\google\j2objc\j2objc-annotations\1.1\j2objc-annotations-1.1.jar;D:\Users\edwin.manojr\.m2\repository\org\codehaus\mojo\animal-sniffer-annotations\1.17\animal-sniffer-annotations-1.17.jar;D:\Users\edwin.manojr\.m2\repository\commons-configuration\commons-configuration\1.10\commons-configuration-1.10.jar;D:\Users\edwin.manojr\.m2\repository\commons-lang\commons-lang\2.6\commons-lang-2.6.jar;"/>
    <property name="java.vm.vendor" value="Oracle Corporation"/>
    <property name="sun.arch.data.model" value="64"/>
    <property name="user.variant" value=""/>
    <property name="java.vendor.url" value="https://java.oracle.com/"/>
    <property name="user.timezone" value="Asia/Calcutta"/>
    <property name="os.name" value="Windows Server 2019"/>
    <property name="java.vm.specification.version" value="17"/>
    <property name="sun.java.launcher" value="SUN_STANDARD"/>
    <property name="user.country" value="US"/>
    <property name="sun.boot.library.path" value="C:\Program Files\Java\jdk-17.0.1\bin"/>
    <property name="sun.java.command" value="D:\Users\edwin.manojr\AppData\Local\Temp\2\surefire18105848015317368042\surefirebooter13128869305988233143.jar D:\Users\edwin.manojr\AppData\Local\Temp\2\surefire18105848015317368042 2022-01-17T22-40-56_206-jvmRun1 surefire13178482736136017919tmp surefire_016220555340507761727tmp"/>
    <property name="jdk.debug" value="release"/>
    <property name="surefire.test.class.path" value="D:\Users\eclipse-java-2021-12-R-win32-x86_64\eclipse\Workspace\APIFramework\target\test-classes;D:\Users\eclipse-java-2021-12-R-win32-x86_64\eclipse\Workspace\APIFramework\target\classes;D:\Users\edwin.manojr\.m2\repository\junit\junit\4.11\junit-4.11.jar;D:\Users\edwin.manojr\.m2\repository\org\hamcrest\hamcrest-core\1.3\hamcrest-core-1.3.jar;D:\Users\edwin.manojr\.m2\repository\io\cucumber\cucumber-java\7.2.2\cucumber-java-7.2.2.jar;D:\Users\edwin.manojr\.m2\repository\io\cucumber\cucumber-core\7.2.2\cucumber-core-7.2.2.jar;D:\Users\edwin.manojr\.m2\repository\io\cucumber\cucumber-gherkin\7.2.2\cucumber-gherkin-7.2.2.jar;D:\Users\edwin.manojr\.m2\repository\io\cucumber\cucumber-gherkin-messages\7.2.2\cucumber-gherkin-messages-7.2.2.jar;D:\Users\edwin.manojr\.m2\repository\io\cucumber\messages\17.1.1\messages-17.1.1.jar;D:\Users\edwin.manojr\.m2\repository\io\cucumber\tag-expressions\4.1.0\tag-expressions-4.1.0.jar;D:\Users\edwin.manojr\.m2\repository\io\cucumber\cucumber-expressions\15.0.1\cucumber-expressions-15.0.1.jar;D:\Users\edwin.manojr\.m2\repository\io\cucumber\datatable\7.2.2\datatable-7.2.2.jar;D:\Users\edwin.manojr\.m2\repository\io\cucumber\cucumber-plugin\7.2.2\cucumber-plugin-7.2.2.jar;D:\Users\edwin.manojr\.m2\repository\io\cucumber\docstring\7.2.2\docstring-7.2.2.jar;D:\Users\edwin.manojr\.m2\repository\io\cucumber\html-formatter\17.0.0\html-formatter-17.0.0.jar;D:\Users\edwin.manojr\.m2\repository\io\cucumber\ci-environment\8.1.0\ci-environment-8.1.0.jar;D:\Users\edwin.manojr\.m2\repository\org\apiguardian\apiguardian-api\1.1.2\apiguardian-api-1.1.2.jar;D:\Users\edwin.manojr\.m2\repository\io\cucumber\cucumber-junit\7.2.2\cucumber-junit-7.2.2.jar;D:\Users\edwin.manojr\.m2\repository\io\rest-assured\rest-assured\4.4.0\rest-assured-4.4.0.jar;D:\Users\edwin.manojr\.m2\repository\org\codehaus\groovy\groovy\3.0.8\groovy-3.0.8.jar;D:\Users\edwin.manojr\.m2\repository\org\codehaus\groovy\groovy-xml\3.0.8\groovy-xml-3.0.8.jar;D:\Users\edwin.manojr\.m2\repository\org\apache\httpcomponents\httpclient\4.5.13\httpclient-4.5.13.jar;D:\Users\edwin.manojr\.m2\repository\org\apache\httpcomponents\httpcore\4.4.13\httpcore-4.4.13.jar;D:\Users\edwin.manojr\.m2\repository\commons-logging\commons-logging\1.2\commons-logging-1.2.jar;D:\Users\edwin.manojr\.m2\repository\commons-codec\commons-codec\1.11\commons-codec-1.11.jar;D:\Users\edwin.manojr\.m2\repository\org\apache\httpcomponents\httpmime\4.5.13\httpmime-4.5.13.jar;D:\Users\edwin.manojr\.m2\repository\org\hamcrest\hamcrest\2.1\hamcrest-2.1.jar;D:\Users\edwin.manojr\.m2\repository\org\ccil\cowan\tagsoup\tagsoup\1.2.1\tagsoup-1.2.1.jar;D:\Users\edwin.manojr\.m2\repository\io\rest-assured\json-path\4.4.0\json-path-4.4.0.jar;D:\Users\edwin.manojr\.m2\repository\org\codehaus\groovy\groovy-json\3.0.8\groovy-json-3.0.8.jar;D:\Users\edwin.manojr\.m2\repository\io\rest-assured\rest-assured-common\4.4.0\rest-assured-common-4.4.0.jar;D:\Users\edwin.manojr\.m2\repository\io\rest-assured\xml-path\4.4.0\xml-path-4.4.0.jar;D:\Users\edwin.manojr\.m2\repository\org\apache\commons\commons-lang3\3.11\commons-lang3-3.11.jar;D:\Users\edwin.manojr\.m2\repository\jakarta\xml\bind\jakarta.xml.bind-api\2.3.3\jakarta.xml.bind-api-2.3.3.jar;D:\Users\edwin.manojr\.m2\repository\jakarta\activation\jakarta.activation-api\1.2.2\jakarta.activation-api-1.2.2.jar;D:\Users\edwin.manojr\.m2\repository\com\sun\xml\bind\jaxb-impl\2.3.3\jaxb-impl-2.3.3.jar;D:\Users\edwin.manojr\.m2\repository\com\fasterxml\jackson\core\jackson-databind\2.13.0\jackson-databind-2.13.0.jar;D:\Users\edwin.manojr\.m2\repository\com\fasterxml\jackson\core\jackson-annotations\2.13.0\jackson-annotations-2.13.0.jar;D:\Users\edwin.manojr\.m2\repository\com\fasterxml\jackson\core\jackson-core\2.13.0\jackson-core-2.13.0.jar;D:\Users\edwin.manojr\.m2\repository\com\google\code\gson\gson\2.8.9\gson-2.8.9.jar;D:\Users\edwin.manojr\.m2\repository\net\masterthought\maven-cucumber-reporting\5.4.0\maven-cucumber-reporting-5.4.0.jar;D:\Users\edwin.manojr\.m2\repository\org\apache\maven\maven-plugin-api\3.6.3\maven-plugin-api-3.6.3.jar;D:\Users\edwin.manojr\.m2\repository\org\apache\maven\maven-model\3.6.3\maven-model-3.6.3.jar;D:\Users\edwin.manojr\.m2\repository\org\apache\maven\maven-artifact\3.6.3\maven-artifact-3.6.3.jar;D:\Users\edwin.manojr\.m2\repository\org\eclipse\sisu\org.eclipse.sisu.plexus\0.3.4\org.eclipse.sisu.plexus-0.3.4.jar;D:\Users\edwin.manojr\.m2\repository\javax\enterprise\cdi-api\1.0\cdi-api-1.0.jar;D:\Users\edwin.manojr\.m2\repository\javax\annotation\jsr250-api\1.0\jsr250-api-1.0.jar;D:\Users\edwin.manojr\.m2\repository\javax\inject\javax.inject\1\javax.inject-1.jar;D:\Users\edwin.manojr\.m2\repository\org\eclipse\sisu\org.eclipse.sisu.inject\0.3.4\org.eclipse.sisu.inject-0.3.4.jar;D:\Users\edwin.manojr\.m2\repository\org\codehaus\plexus\plexus-component-annotations\1.5.5\plexus-component-annotations-1.5.5.jar;D:\Users\edwin.manojr\.m2\repository\org\codehaus\plexus\plexus-utils\3.2.1\plexus-utils-3.2.1.jar;D:\Users\edwin.manojr\.m2\repository\org\codehaus\plexus\plexus-classworlds\2.6.0\plexus-classworlds-2.6.0.jar;D:\Users\edwin.manojr\.m2\repository\org\apache\maven\plugins\maven-gpg-plugin\1.6\maven-gpg-plugin-1.6.jar;D:\Users\edwin.manojr\.m2\repository\org\apache\maven\maven-project\2.2.1\maven-project-2.2.1.jar;D:\Users\edwin.manojr\.m2\repository\org\apache\maven\maven-settings\2.2.1\maven-settings-2.2.1.jar;D:\Users\edwin.manojr\.m2\repository\org\apache\maven\maven-profile\2.2.1\maven-profile-2.2.1.jar;D:\Users\edwin.manojr\.m2\repository\org\apache\maven\maven-artifact-manager\2.2.1\maven-artifact-manager-2.2.1.jar;D:\Users\edwin.manojr\.m2\repository\org\apache\maven\wagon\wagon-provider-api\1.0-beta-6\wagon-provider-api-1.0-beta-6.jar;D:\Users\edwin.manojr\.m2\repository\backport-util-concurrent\backport-util-concurrent\3.1\backport-util-concurrent-3.1.jar;D:\Users\edwin.manojr\.m2\repository\org\apache\maven\maven-plugin-registry\2.2.1\maven-plugin-registry-2.2.1.jar;D:\Users\edwin.manojr\.m2\repository\org\codehaus\plexus\plexus-interpolation\1.11\plexus-interpolation-1.11.jar;D:\Users\edwin.manojr\.m2\repository\org\codehaus\plexus\plexus-container-default\1.0-alpha-9-stable-1\plexus-container-default-1.0-alpha-9-stable-1.jar;D:\Users\edwin.manojr\.m2\repository\classworlds\classworlds\1.1-alpha-2\classworlds-1.1-alpha-2.jar;D:\Users\edwin.manojr\.m2\repository\org\apache\maven\maven-repository-metadata\2.2.1\maven-repository-metadata-2.2.1.jar;D:\Users\edwin.manojr\.m2\repository\org\sonatype\plexus\plexus-sec-dispatcher\1.4\plexus-sec-dispatcher-1.4.jar;D:\Users\edwin.manojr\.m2\repository\org\sonatype\plexus\plexus-cipher\1.4\plexus-cipher-1.4.jar;D:\Users\edwin.manojr\.m2\repository\net\masterthought\cucumber-reporting\5.4.0\cucumber-reporting-5.4.0.jar;D:\Users\edwin.manojr\.m2\repository\com\fasterxml\jackson\datatype\jackson-datatype-jsr310\2.10.1\jackson-datatype-jsr310-2.10.1.jar;D:\Users\edwin.manojr\.m2\repository\org\apache\velocity\velocity-engine-core\2.1\velocity-engine-core-2.1.jar;D:\Users\edwin.manojr\.m2\repository\org\slf4j\slf4j-api\1.7.26\slf4j-api-1.7.26.jar;D:\Users\edwin.manojr\.m2\repository\commons-collections\commons-collections\3.2.2\commons-collections-3.2.2.jar;D:\Users\edwin.manojr\.m2\repository\joda-time\joda-time\2.10.5\joda-time-2.10.5.jar;D:\Users\edwin.manojr\.m2\repository\commons-io\commons-io\2.6\commons-io-2.6.jar;D:\Users\edwin.manojr\.m2\repository\org\jsoup\jsoup\1.12.1\jsoup-1.12.1.jar;D:\Users\edwin.manojr\.m2\repository\com\googlecode\owasp-java-html-sanitizer\owasp-java-html-sanitizer\20191001.1\owasp-java-html-sanitizer-20191001.1.jar;D:\Users\edwin.manojr\.m2\repository\com\google\guava\guava\27.1-jre\guava-27.1-jre.jar;D:\Users\edwin.manojr\.m2\repository\com\google\guava\failureaccess\1.0.1\failureaccess-1.0.1.jar;D:\Users\edwin.manojr\.m2\repository\com\google\guava\listenablefuture\9999.0-empty-to-avoid-conflict-with-guava\listenablefuture-9999.0-empty-to-avoid-conflict-with-guava.jar;D:\Users\edwin.manojr\.m2\repository\com\google\code\findbugs\jsr305\3.0.2\jsr305-3.0.2.jar;D:\Users\edwin.manojr\.m2\repository\org\checkerframework\checker-qual\2.5.2\checker-qual-2.5.2.jar;D:\Users\edwin.manojr\.m2\repository\com\google\errorprone\error_prone_annotations\2.2.0\error_prone_annotations-2.2.0.jar;D:\Users\edwin.manojr\.m2\repository\com\google\j2objc\j2objc-annotations\1.1\j2objc-annotations-1.1.jar;D:\Users\edwin.manojr\.m2\repository\org\codehaus\mojo\animal-sniffer-annotations\1.17\animal-sniffer-annotations-1.17.jar;D:\Users\edwin.manojr\.m2\repository\commons-configuration\commons-configuration\1.10\commons-configuration-1.10.jar;D:\Users\edwin.manojr\.m2\repository\commons-lang\commons-lang\2.6\commons-lang-2.6.jar;"/>
    <property name="sun.cpu.endian" value="little"/>
    <property name="user.home" value="D:\Users\edwin.manojr"/>
    <property name="user.language" value="en"/>
    <property name="java.specification.vendor" value="Oracle Corporation"/>
    <property name="java.version.date" value="2021-10-19"/>
    <property name="java.home" value="C:\Program Files\Java\jdk-17.0.1"/>
    <property name="file.separator" value="\"/>
    <property name="basedir" value="D:\Users\eclipse-java-2021-12-R-win32-x86_64\eclipse\Workspace\APIFramework"/>
    <property name="java.vm.compressedOopsMode" value="32-bit"/>
    <property name="line.separator" value="&#10;"/>
    <property name="java.vm.specification.vendor" value="Oracle Corporation"/>
    <property name="java.specification.name" value="Java Platform API Specification"/>
    <property name="surefire.real.class.path" value="D:\Users\edwin.manojr\AppData\Local\Temp\2\surefire18105848015317368042\surefirebooter13128869305988233143.jar"/>
    <property name="user.script" value=""/>
    <property name="sun.management.compiler" value="HotSpot 64-Bit Tiered Compilers"/>
    <property name="java.runtime.version" value="17.0.1+12-LTS-39"/>
    <property name="user.name" value="edwin.manojr"/>
    <property name="path.separator" value=";"/>
    <property name="os.version" value="10.0"/>
    <property name="java.runtime.name" value="Java(TM) SE Runtime Environment"/>
    <property name="file.encoding" value="Cp1252"/>
    <property name="java.vm.name" value="Java HotSpot(TM) 64-Bit Server VM"/>
    <property name="localRepository" value="D:\Users\edwin.manojr\.m2\repository"/>
    <property name="java.vendor.url.bug" value="https://bugreport.java.com/bugreport/"/>
    <property name="java.io.tmpdir" value="D:\Users\edwin.manojr\AppData\Local\Temp\2\"/>
    <property name="java.version" value="17.0.1"/>
    <property name="user.dir" value="D:\Users\eclipse-java-2021-12-R-win32-x86_64\eclipse\Workspace\APIFramework"/>
    <property name="os.arch" value="amd64"/>
    <property name="java.vm.specification.name" value="Java Virtual Machine Specification"/>
    <property name="sun.os.patch.level" value=""/>
    <property name="native.encoding" value="Cp1252"/>
    <property name="java.library.path" value="C:\Program Files\Java\jdk-17.0.1\bin;C:\Windows\Sun\Java\bin;C:\Windows\system32;C:\Windows;C:\Program Files\Common Files\Oracle\Java\javapath;C:\Windows\system32;C:\Windows;C:\Windows\System32\Wbem;C:\Windows\System32\WindowsPowerShell\v1.0\;C:\Windows\System32\OpenSSH\;C:\Program Files\Amazon\cfn-bootstrap\;C:\Program Files\Amazon\WSP;D:\Users\apache-maven-3.8.4-bin\apache-maven-3.8.4\bin;D:\Users\edwin.manojr\AppData\Local\Microsoft\WindowsApps;;."/>
    <property name="java.vm.info" value="mixed mode, sharing"/>
    <property name="java.vendor" value="Oracle Corporation"/>
    <property name="java.vm.version" value="17.0.1+12-LTS-39"/>
    <property name="sun.io.unicode.encoding" value="UnicodeLittle"/>
    <property name="java.class.version" value="61.0"/>
  </properties>
  <testcase name="Verify if place is being successfully added using AddPlace API" classname="Validating place API&apos;s&apos;" time="11.335">
    <system-out><![CDATA[/maps/api/place/add/json
Request method:	POST
Request URI:	https://rahulshettyacademy.com/maps/api/place/add/json?key=qaclick123
Proxy:			<none>
Request params:	<none>
Query params:	key=qaclick123
Form params:	<none>
Path params:	<none>
Headers:		Accept=*/*
				Content-Type=application/json
Cookies:		<none>
Multiparts:		<none>
Body:
{
    "location": {
        "lat": -40.383494,
        "lng": 40.427362
    },
    "accuracy": "100",
    "name": "RubyElite",
    "phone_number": "123456789",
    "address": "30,Mudichur",
    "types": [
        "Ruby",
        "Residency"
    ],
    "website": "http://google.com",
    "language": "English"
}
JsonPathValue OK
JsonPathValue APP
JsonPathValue a3753ce10dd2e411784d9237d665d2e8
/maps/api/place/get/json
Response io.restassured.internal.RestAssuredResponseImpl@66f16742
JsonPathValue RubyElite
]]></system-out>
  </testcase>
  <testcase name="Verify if place is being successfully deleted using DeletePlaceAPI" classname="Validating place API&apos;s&apos;" time="3.744">
    <system-out><![CDATA[/maps/api/place/delete/json
JsonPathValue OK
]]></system-out>
  </testcase>
</testsuite>